[debug] [2022-04-05T08:10:40.556Z] ----------------------------------------------------------------------
[debug] [2022-04-05T08:10:40.558Z] Command:       C:\Program Files (x86)\nodejs\node.exe C:\Users\prochula\AppData\Roaming\npm\node_modules\firebase-tools\lib\bin\firebase.js init
[debug] [2022-04-05T08:10:40.558Z] CLI Version:   10.6.0
[debug] [2022-04-05T08:10:40.558Z] Platform:      win32
[debug] [2022-04-05T08:10:40.558Z] Node Version:  v14.17.0
[debug] [2022-04-05T08:10:40.559Z] Time:          Tue Apr 05 2022 15:10:40 GMT+0700 (เวลาอินโดจีน)
[debug] [2022-04-05T08:10:40.559Z] ----------------------------------------------------------------------
[debug] 
[debug] [2022-04-05T08:10:40.565Z] > command requires scopes: ["email","openid","https://www.googleapis.com/auth/cloudplatformprojects.readonly","https://www.googleapis.com/auth/firebase","https://www.googleapis.com/auth/cloud-platform"]
[debug] [2022-04-05T08:10:40.565Z] > authorizing via signed-in user (jpatcharapun@gmail.com)
[info] 
     ######## #### ########  ######## ########     ###     ######  ########
     ##        ##  ##     ## ##       ##     ##  ##   ##  ##       ##
     ######    ##  ########  ######   ########  #########  ######  ######
     ##        ##  ##    ##  ##       ##     ## ##     ##       ## ##
     ##       #### ##     ## ######## ########  ##     ##  ######  ########

You're about to initialize a Firebase project in this directory:

  P:\K\starGB\frontend

[info] 
=== Project Setup
[info] 
[info] First, let's associate this project directory with a Firebase project.
[info] You can create multiple project aliases by running firebase use --add, 
[info] but for now we'll just set up a default project.
[info] 
[debug] [2022-04-05T08:10:51.882Z] >>> [apiv2][query] GET https://firebase.googleapis.com/v1beta1/projects pageSize=100
[debug] [2022-04-05T08:10:52.487Z] <<< [apiv2][status] GET https://firebase.googleapis.com/v1beta1/projects 200
[debug] [2022-04-05T08:10:52.487Z] <<< [apiv2][body] GET https://firebase.googleapis.com/v1beta1/projects [omitted]
[info] i  Using project stargb-2da9f (StarGB) 
[info] 
=== Hosting Setup
[info] 
[info] Your public directory is the folder (relative to your project directory) that
[info] will contain Hosting assets to be uploaded with firebase deploy. If you
[info] have a build process for your assets, use your build's output directory.
[info] 
[debug] [2022-04-05T08:11:05.668Z] >>> [apiv2][query] GET https://www.gstatic.com/firebasejs/releases.json [none]
[debug] [2022-04-05T08:11:05.819Z] <<< [apiv2][status] GET https://www.gstatic.com/firebasejs/releases.json 200
[debug] [2022-04-05T08:11:05.819Z] <<< [apiv2][body] GET https://www.gstatic.com/firebasejs/releases.json {"current":{"version":"9.6.10","browserURL":"https://www.gstatic.com/firebasejs/9.6.10/firebase.js","packageURL":"https://www.gstatic.com/firebasejs/9.6.10/firebase.tgz"},"live":{"version":"9.6","browserURL":"https://www.gstatic.com/firebasejs/live/9.6/firebase.js","packageURL":"https://www.gstatic.com/firebasejs/live/9.6/firebase.tgz"},"components":{"analytics":"https://www.gstatic.com/firebasejs/9.6.10/firebase-analytics.js","app":"https://www.gstatic.com/firebasejs/9.6.10/firebase-app.js","app-check":"https://www.gstatic.com/firebasejs/9.6.10/firebase-app-check.js","auth":"https://www.gstatic.com/firebasejs/9.6.10/firebase-auth.js","auth/cordova":"https://www.gstatic.com/firebasejs/9.6.10/firebase-auth/cordova.js","auth/react-native":"https://www.gstatic.com/firebasejs/9.6.10/firebase-auth/react-native.js","functions":"https://www.gstatic.com/firebasejs/9.6.10/firebase-functions.js","firestore":"https://www.gstatic.com/firebasejs/9.6.10/firebase-firestore.js","firestore/lite":"https://www.gstatic.com/firebasejs/9.6.10/firebase-firestore/lite.js","storage":"https://www.gstatic.com/firebasejs/9.6.10/firebase-storage.js","performance":"https://www.gstatic.com/firebasejs/9.6.10/firebase-performance.js","remote-config":"https://www.gstatic.com/firebasejs/9.6.10/firebase-remote-config.js","messaging":"https://www.gstatic.com/firebasejs/9.6.10/firebase-messaging.js","messaging/sw":"https://www.gstatic.com/firebasejs/9.6.10/firebase-messaging/sw.js","database":"https://www.gstatic.com/firebasejs/9.6.10/firebase-database.js","firestore.memory":"https://www.gstatic.com/firebasejs/9.6.10/firebase-firestore.memory.js"}}
[info] +  Wrote public/index.html 
[info] 
[info] i  Detected a .git folder at P:\K\starGB\frontend 
[info] i  Authorizing with GitHub to upload your service account to a GitHub repository's secrets store. 
[info] 
[info] Visit this URL on this device to log in:
[info] https://github.com/login/oauth/authorize?client_id=89cf50f02ac6aaed3484&state=233685719&redirect_uri=http%3A%2F%2Flocalhost%3A9005&scope=read%3Auser%20repo%20public_repo
[info] 
[info] Waiting for authentication...
[debug] [2022-04-05T08:11:23.822Z] >>> HTTP REQUEST POST https://github.com/login/oauth/access_token  
 {"client_id":"89cf50f02ac6aaed3484","client_secret":"3330d14abc895d9a74d5f17cd7a00711fa2c5bf0","code":"bb6dc07b3748d90ec272","redirect_uri":"http://localhost:9005","state":"233685719"}
[debug] [2022-04-05T08:11:24.475Z] <<< HTTP RESPONSE 200 {"server":"GitHub.com","date":"Tue, 05 Apr 2022 08:11:24 GMT","content-type":"application/json; charset=utf-8","transfer-encoding":"chunked","vary":"X-PJAX, X-PJAX-Container, Accept-Encoding, Accept, X-Requested-With","permissions-policy":"interest-cohort=()","etag":"W/\"482b4d652907d6256a4c786b1236f37f\"","cache-control":"max-age=0, private, must-revalidate","strict-transport-security":"max-age=31536000; includeSubdomains; preload","x-frame-options":"deny","x-content-type-options":"nosniff","x-xss-protection":"0","referrer-policy":"origin-when-cross-origin, strict-origin-when-cross-origin","expect-ct":"max-age=2592000, report-uri=\"https://api.github.com/_private/browser/errors\"","content-security-policy":"default-src 'none'; base-uri 'self'; block-all-mixed-content; child-src github.com/assets-cdn/worker/ gist.github.com/assets-cdn/worker/; connect-src 'self' uploads.github.com objects-origin.githubusercontent.com www.githubstatus.com collector.githubapp.com collector.github.com raw.githubusercontent.com api.github.com github-cloud.s3.amazonaws.com github-production-repository-file-5c1aeb.s3.amazonaws.com github-production-upload-manifest-file-7fdce7.s3.amazonaws.com github-production-user-asset-6210df.s3.amazonaws.com cdn.optimizely.com logx.optimizely.com/v1/events translator.github.com *.actions.githubusercontent.com wss://*.actions.githubusercontent.com online.visualstudio.com/api/v1/locations github-production-repository-image-32fea6.s3.amazonaws.com github-production-release-asset-2e65be.s3.amazonaws.com insights.github.com wss://alive.github.com; font-src github.githubassets.com; form-action 'self' github.com gist.github.com objects-origin.githubusercontent.com; frame-ancestors 'none'; frame-src render.githubusercontent.com viewscreen.githubusercontent.com notebooks.githubusercontent.com; img-src 'self' data: github.githubassets.com identicons.github.com collector.githubapp.com collector.github.com github-cloud.s3.amazonaws.com secured-user-images.githubusercontent.com/ *.githubusercontent.com; manifest-src 'self'; media-src github.com user-images.githubusercontent.com/; script-src github.githubassets.com; style-src 'unsafe-inline' github.githubassets.com; worker-src github.com/assets-cdn/worker/ gist.github.com/assets-cdn/worker/","x-github-request-id":"98C0:503B:32C518:3EB53E:624BF9AB"}
[debug] [2022-04-05T08:11:24.479Z] >>> [apiv2][query] GET https://api.github.com/user [none]
[debug] [2022-04-05T08:11:24.950Z] <<< [apiv2][status] GET https://api.github.com/user 200
[debug] [2022-04-05T08:11:24.950Z] <<< [apiv2][body] GET https://api.github.com/user {"login":"jpatcharapun","id":19934842,"node_id":"MDQ6VXNlcjE5OTM0ODQy","avatar_url":"https://avatars.githubusercontent.com/u/19934842?v=4","gravatar_id":"","url":"https://api.github.com/users/jpatcharapun","html_url":"https://github.com/jpatcharapun","followers_url":"https://api.github.com/users/jpatcharapun/followers","following_url":"https://api.github.com/users/jpatcharapun/following{/other_user}","gists_url":"https://api.github.com/users/jpatcharapun/gists{/gist_id}","starred_url":"https://api.github.com/users/jpatcharapun/starred{/owner}{/repo}","subscriptions_url":"https://api.github.com/users/jpatcharapun/subscriptions","organizations_url":"https://api.github.com/users/jpatcharapun/orgs","repos_url":"https://api.github.com/users/jpatcharapun/repos","events_url":"https://api.github.com/users/jpatcharapun/events{/privacy}","received_events_url":"https://api.github.com/users/jpatcharapun/received_events","type":"User","site_admin":false,"name":"JPascharapun","company":null,"blog":"https://github.com/jpatcharapun","location":null,"email":null,"hireable":null,"bio":"JUST NOOB","twitter_username":"jpatcharapun","public_repos":5,"public_gists":0,"followers":0,"following":1,"created_at":"2016-06-14T16:51:46Z","updated_at":"2022-04-05T08:11:20Z","private_gists":0,"total_private_repos":16,"owned_private_repos":16,"disk_usage":563742,"collaborators":4,"two_factor_authentication":false,"plan":{"name":"free","space":976562499,"collaborators":0,"private_repos":10000}}
[info] 
[info] +  Success! Logged into GitHub as jpatcharapun 
[info] 
